2021/03/27 14:44:18 [error] [exception.CHttpException.404] CHttpException: Unable to resolve the request "gii". in /Applications/XAMPP/xamppfiles/htdocs/yii/framework/web/CWebApplication.php:286
Stack trace:
#0 /Applications/XAMPP/xamppfiles/htdocs/yii/framework/web/CWebApplication.php(141): CWebApplication->runController('gii')
#1 /Applications/XAMPP/xamppfiles/htdocs/yii/framework/base/CApplication.php(185): CWebApplication->processRequest()
#2 /Applications/XAMPP/xamppfiles/htdocs/testdrive/index.php(13): CApplication->run()
#3 {main}
REQUEST_URI=/testdrive/index.php?r=gii
---
2021/03/27 15:18:24 [error] [system.db.CDbCommand] CDbCommand::execute() failed: SQLSTATE[22007]: Invalid datetime format: 1292 Incorrect date value: '27/03/2021' for column `integration_api`.`telcos`.`date` at row 1. The SQL statement executed was: INSERT INTO `telcos` (`name`, `amount`, `date`) VALUES (:yp0, :yp1, :yp2).
in /Applications/XAMPP/xamppfiles/htdocs/testdrive/protected/controllers/TelcosController.php (73)
in /Applications/XAMPP/xamppfiles/htdocs/testdrive/index.php (13)
2021/03/27 15:18:24 [error] [exception.CDbException] CDbException: CDbCommand failed to execute the SQL statement: SQLSTATE[22007]: Invalid datetime format: 1292 Incorrect date value: '27/03/2021' for column `integration_api`.`telcos`.`date` at row 1. The SQL statement executed was: INSERT INTO `telcos` (`name`, `amount`, `date`) VALUES (:yp0, :yp1, :yp2) in /Applications/XAMPP/xamppfiles/htdocs/yii/framework/db/CDbCommand.php:358
Stack trace:
#0 /Applications/XAMPP/xamppfiles/htdocs/yii/framework/db/ar/CActiveRecord.php(1083): CDbCommand->execute()
#1 /Applications/XAMPP/xamppfiles/htdocs/yii/framework/db/ar/CActiveRecord.php(811): CActiveRecord->insert(NULL)
#2 /Applications/XAMPP/xamppfiles/htdocs/testdrive/protected/controllers/TelcosController.php(73): CActiveRecord->save()
#3 /Applications/XAMPP/xamppfiles/htdocs/yii/framework/web/actions/CInlineAction.php(49): TelcosController->actionCreate()
#4 /Applications/XAMPP/xamppfiles/htdocs/yii/framework/web/CController.php(308): CInlineAction->runWithParams(Array)
#5 /Applications/XAMPP/xamppfiles/htdocs/yii/framework/web/filters/CFilterChain.php(134): CController->runAction(Object(CInlineAction))
#6 /Applications/XAMPP/xamppfiles/htdocs/yii/framework/web/filters/CFilter.php(40): CFilterChain->run()
#7 /Applications/XAMPP/xamppfiles/htdocs/yii/framework/web/CController.php(1148): CFilter->filter(Object(CFilterChain))
#8 /Applications/XAMPP/xamppfiles/htdocs/yii/framework/web/filters/CInlineFilter.php(58): CController->filterAccessControl(Object(CFilterChain))
#9 /Applications/XAMPP/xamppfiles/htdocs/yii/framework/web/filters/CFilterChain.php(131): CInlineFilter->filter(Object(CFilterChain))
#10 /Applications/XAMPP/xamppfiles/htdocs/yii/framework/web/CController.php(291): CFilterChain->run()
#11 /Applications/XAMPP/xamppfiles/htdocs/yii/framework/web/CController.php(265): CController->runActionWithFilters(Object(CInlineAction), Array)
#12 /Applications/XAMPP/xamppfiles/htdocs/yii/framework/web/CWebApplication.php(282): CController->run('create')
#13 /Applications/XAMPP/xamppfiles/htdocs/yii/framework/web/CWebApplication.php(141): CWebApplication->runController('telcos/create')
#14 /Applications/XAMPP/xamppfiles/htdocs/yii/framework/base/CApplication.php(185): CWebApplication->processRequest()
#15 /Applications/XAMPP/xamppfiles/htdocs/testdrive/index.php(13): CApplication->run()
#16 {main}
REQUEST_URI=/testdrive/index.php?r=telcos/create
HTTP_REFERER=http://localhost/testdrive/index.php?r=telcos/create
---
2021/03/27 15:18:50 [error] [system.db.CDbCommand] CDbCommand::execute() failed: SQLSTATE[22007]: Invalid datetime format: 1292 Incorrect date value: '03/27/2021' for column `integration_api`.`telcos`.`date` at row 1. The SQL statement executed was: INSERT INTO `telcos` (`name`, `amount`, `date`) VALUES (:yp0, :yp1, :yp2).
in /Applications/XAMPP/xamppfiles/htdocs/testdrive/protected/controllers/TelcosController.php (73)
in /Applications/XAMPP/xamppfiles/htdocs/testdrive/index.php (13)
2021/03/27 15:18:50 [error] [exception.CDbException] CDbException: CDbCommand failed to execute the SQL statement: SQLSTATE[22007]: Invalid datetime format: 1292 Incorrect date value: '03/27/2021' for column `integration_api`.`telcos`.`date` at row 1. The SQL statement executed was: INSERT INTO `telcos` (`name`, `amount`, `date`) VALUES (:yp0, :yp1, :yp2) in /Applications/XAMPP/xamppfiles/htdocs/yii/framework/db/CDbCommand.php:358
Stack trace:
#0 /Applications/XAMPP/xamppfiles/htdocs/yii/framework/db/ar/CActiveRecord.php(1083): CDbCommand->execute()
#1 /Applications/XAMPP/xamppfiles/htdocs/yii/framework/db/ar/CActiveRecord.php(811): CActiveRecord->insert(NULL)
#2 /Applications/XAMPP/xamppfiles/htdocs/testdrive/protected/controllers/TelcosController.php(73): CActiveRecord->save()
#3 /Applications/XAMPP/xamppfiles/htdocs/yii/framework/web/actions/CInlineAction.php(49): TelcosController->actionCreate()
#4 /Applications/XAMPP/xamppfiles/htdocs/yii/framework/web/CController.php(308): CInlineAction->runWithParams(Array)
#5 /Applications/XAMPP/xamppfiles/htdocs/yii/framework/web/filters/CFilterChain.php(134): CController->runAction(Object(CInlineAction))
#6 /Applications/XAMPP/xamppfiles/htdocs/yii/framework/web/filters/CFilter.php(40): CFilterChain->run()
#7 /Applications/XAMPP/xamppfiles/htdocs/yii/framework/web/CController.php(1148): CFilter->filter(Object(CFilterChain))
#8 /Applications/XAMPP/xamppfiles/htdocs/yii/framework/web/filters/CInlineFilter.php(58): CController->filterAccessControl(Object(CFilterChain))
#9 /Applications/XAMPP/xamppfiles/htdocs/yii/framework/web/filters/CFilterChain.php(131): CInlineFilter->filter(Object(CFilterChain))
#10 /Applications/XAMPP/xamppfiles/htdocs/yii/framework/web/CController.php(291): CFilterChain->run()
#11 /Applications/XAMPP/xamppfiles/htdocs/yii/framework/web/CController.php(265): CController->runActionWithFilters(Object(CInlineAction), Array)
#12 /Applications/XAMPP/xamppfiles/htdocs/yii/framework/web/CWebApplication.php(282): CController->run('create')
#13 /Applications/XAMPP/xamppfiles/htdocs/yii/framework/web/CWebApplication.php(141): CWebApplication->runController('telcos/create')
#14 /Applications/XAMPP/xamppfiles/htdocs/yii/framework/base/CApplication.php(185): CWebApplication->processRequest()
#15 /Applications/XAMPP/xamppfiles/htdocs/testdrive/index.php(13): CApplication->run()
#16 {main}
REQUEST_URI=/testdrive/index.php?r=telcos/create
HTTP_REFERER=http://localhost/testdrive/index.php?r=telcos/create
---
2021/03/27 15:19:40 [error] [system.db.CDbCommand] CDbCommand::execute() failed: SQLSTATE[22007]: Invalid datetime format: 1292 Incorrect date value: '27-03-2021' for column `integration_api`.`telcos`.`date` at row 1. The SQL statement executed was: INSERT INTO `telcos` (`name`, `amount`, `date`) VALUES (:yp0, :yp1, :yp2).
in /Applications/XAMPP/xamppfiles/htdocs/testdrive/protected/controllers/TelcosController.php (73)
in /Applications/XAMPP/xamppfiles/htdocs/testdrive/index.php (13)
2021/03/27 15:19:40 [error] [exception.CDbException] CDbException: CDbCommand failed to execute the SQL statement: SQLSTATE[22007]: Invalid datetime format: 1292 Incorrect date value: '27-03-2021' for column `integration_api`.`telcos`.`date` at row 1. The SQL statement executed was: INSERT INTO `telcos` (`name`, `amount`, `date`) VALUES (:yp0, :yp1, :yp2) in /Applications/XAMPP/xamppfiles/htdocs/yii/framework/db/CDbCommand.php:358
Stack trace:
#0 /Applications/XAMPP/xamppfiles/htdocs/yii/framework/db/ar/CActiveRecord.php(1083): CDbCommand->execute()
#1 /Applications/XAMPP/xamppfiles/htdocs/yii/framework/db/ar/CActiveRecord.php(811): CActiveRecord->insert(NULL)
#2 /Applications/XAMPP/xamppfiles/htdocs/testdrive/protected/controllers/TelcosController.php(73): CActiveRecord->save()
#3 /Applications/XAMPP/xamppfiles/htdocs/yii/framework/web/actions/CInlineAction.php(49): TelcosController->actionCreate()
#4 /Applications/XAMPP/xamppfiles/htdocs/yii/framework/web/CController.php(308): CInlineAction->runWithParams(Array)
#5 /Applications/XAMPP/xamppfiles/htdocs/yii/framework/web/filters/CFilterChain.php(134): CController->runAction(Object(CInlineAction))
#6 /Applications/XAMPP/xamppfiles/htdocs/yii/framework/web/filters/CFilter.php(40): CFilterChain->run()
#7 /Applications/XAMPP/xamppfiles/htdocs/yii/framework/web/CController.php(1148): CFilter->filter(Object(CFilterChain))
#8 /Applications/XAMPP/xamppfiles/htdocs/yii/framework/web/filters/CInlineFilter.php(58): CController->filterAccessControl(Object(CFilterChain))
#9 /Applications/XAMPP/xamppfiles/htdocs/yii/framework/web/filters/CFilterChain.php(131): CInlineFilter->filter(Object(CFilterChain))
#10 /Applications/XAMPP/xamppfiles/htdocs/yii/framework/web/CController.php(291): CFilterChain->run()
#11 /Applications/XAMPP/xamppfiles/htdocs/yii/framework/web/CController.php(265): CController->runActionWithFilters(Object(CInlineAction), Array)
#12 /Applications/XAMPP/xamppfiles/htdocs/yii/framework/web/CWebApplication.php(282): CController->run('create')
#13 /Applications/XAMPP/xamppfiles/htdocs/yii/framework/web/CWebApplication.php(141): CWebApplication->runController('telcos/create')
#14 /Applications/XAMPP/xamppfiles/htdocs/yii/framework/base/CApplication.php(185): CWebApplication->processRequest()
#15 /Applications/XAMPP/xamppfiles/htdocs/testdrive/index.php(13): CApplication->run()
#16 {main}
REQUEST_URI=/testdrive/index.php?r=telcos/create
HTTP_REFERER=http://localhost/testdrive/index.php?r=telcos/create
---
2021/03/27 15:20:14 [error] [system.db.CDbCommand] CDbCommand::execute() failed: SQLSTATE[22007]: Invalid datetime format: 1292 Incorrect date value: '25-04-2020' for column `integration_api`.`telcos`.`date` at row 1. The SQL statement executed was: INSERT INTO `telcos` (`name`, `amount`, `date`) VALUES (:yp0, :yp1, :yp2).
in /Applications/XAMPP/xamppfiles/htdocs/testdrive/protected/controllers/TelcosController.php (73)
in /Applications/XAMPP/xamppfiles/htdocs/testdrive/index.php (13)
2021/03/27 15:20:14 [error] [exception.CDbException] CDbException: CDbCommand failed to execute the SQL statement: SQLSTATE[22007]: Invalid datetime format: 1292 Incorrect date value: '25-04-2020' for column `integration_api`.`telcos`.`date` at row 1. The SQL statement executed was: INSERT INTO `telcos` (`name`, `amount`, `date`) VALUES (:yp0, :yp1, :yp2) in /Applications/XAMPP/xamppfiles/htdocs/yii/framework/db/CDbCommand.php:358
Stack trace:
#0 /Applications/XAMPP/xamppfiles/htdocs/yii/framework/db/ar/CActiveRecord.php(1083): CDbCommand->execute()
#1 /Applications/XAMPP/xamppfiles/htdocs/yii/framework/db/ar/CActiveRecord.php(811): CActiveRecord->insert(NULL)
#2 /Applications/XAMPP/xamppfiles/htdocs/testdrive/protected/controllers/TelcosController.php(73): CActiveRecord->save()
#3 /Applications/XAMPP/xamppfiles/htdocs/yii/framework/web/actions/CInlineAction.php(49): TelcosController->actionCreate()
#4 /Applications/XAMPP/xamppfiles/htdocs/yii/framework/web/CController.php(308): CInlineAction->runWithParams(Array)
#5 /Applications/XAMPP/xamppfiles/htdocs/yii/framework/web/filters/CFilterChain.php(134): CController->runAction(Object(CInlineAction))
#6 /Applications/XAMPP/xamppfiles/htdocs/yii/framework/web/filters/CFilter.php(40): CFilterChain->run()
#7 /Applications/XAMPP/xamppfiles/htdocs/yii/framework/web/CController.php(1148): CFilter->filter(Object(CFilterChain))
#8 /Applications/XAMPP/xamppfiles/htdocs/yii/framework/web/filters/CInlineFilter.php(58): CController->filterAccessControl(Object(CFilterChain))
#9 /Applications/XAMPP/xamppfiles/htdocs/yii/framework/web/filters/CFilterChain.php(131): CInlineFilter->filter(Object(CFilterChain))
#10 /Applications/XAMPP/xamppfiles/htdocs/yii/framework/web/CController.php(291): CFilterChain->run()
#11 /Applications/XAMPP/xamppfiles/htdocs/yii/framework/web/CController.php(265): CController->runActionWithFilters(Object(CInlineAction), Array)
#12 /Applications/XAMPP/xamppfiles/htdocs/yii/framework/web/CWebApplication.php(282): CController->run('create')
#13 /Applications/XAMPP/xamppfiles/htdocs/yii/framework/web/CWebApplication.php(141): CWebApplication->runController('telcos/create')
#14 /Applications/XAMPP/xamppfiles/htdocs/yii/framework/base/CApplication.php(185): CWebApplication->processRequest()
#15 /Applications/XAMPP/xamppfiles/htdocs/testdrive/index.php(13): CApplication->run()
#16 {main}
REQUEST_URI=/testdrive/index.php?r=telcos/create
HTTP_REFERER=http://localhost/testdrive/index.php?r=telcos/create
---
2021/03/27 15:20:25 [error] [system.db.CDbCommand] CDbCommand::execute() failed: SQLSTATE[22007]: Invalid datetime format: 1292 Incorrect date value: '25-04-2020' for column `integration_api`.`telcos`.`date` at row 1. The SQL statement executed was: INSERT INTO `telcos` (`name`, `amount`, `date`) VALUES (:yp0, :yp1, :yp2).
in /Applications/XAMPP/xamppfiles/htdocs/testdrive/protected/controllers/TelcosController.php (73)
in /Applications/XAMPP/xamppfiles/htdocs/testdrive/index.php (13)
2021/03/27 15:20:25 [error] [exception.CDbException] CDbException: CDbCommand failed to execute the SQL statement: SQLSTATE[22007]: Invalid datetime format: 1292 Incorrect date value: '25-04-2020' for column `integration_api`.`telcos`.`date` at row 1. The SQL statement executed was: INSERT INTO `telcos` (`name`, `amount`, `date`) VALUES (:yp0, :yp1, :yp2) in /Applications/XAMPP/xamppfiles/htdocs/yii/framework/db/CDbCommand.php:358
Stack trace:
#0 /Applications/XAMPP/xamppfiles/htdocs/yii/framework/db/ar/CActiveRecord.php(1083): CDbCommand->execute()
#1 /Applications/XAMPP/xamppfiles/htdocs/yii/framework/db/ar/CActiveRecord.php(811): CActiveRecord->insert(NULL)
#2 /Applications/XAMPP/xamppfiles/htdocs/testdrive/protected/controllers/TelcosController.php(73): CActiveRecord->save()
#3 /Applications/XAMPP/xamppfiles/htdocs/yii/framework/web/actions/CInlineAction.php(49): TelcosController->actionCreate()
#4 /Applications/XAMPP/xamppfiles/htdocs/yii/framework/web/CController.php(308): CInlineAction->runWithParams(Array)
#5 /Applications/XAMPP/xamppfiles/htdocs/yii/framework/web/filters/CFilterChain.php(134): CController->runAction(Object(CInlineAction))
#6 /Applications/XAMPP/xamppfiles/htdocs/yii/framework/web/filters/CFilter.php(40): CFilterChain->run()
#7 /Applications/XAMPP/xamppfiles/htdocs/yii/framework/web/CController.php(1148): CFilter->filter(Object(CFilterChain))
#8 /Applications/XAMPP/xamppfiles/htdocs/yii/framework/web/filters/CInlineFilter.php(58): CController->filterAccessControl(Object(CFilterChain))
#9 /Applications/XAMPP/xamppfiles/htdocs/yii/framework/web/filters/CFilterChain.php(131): CInlineFilter->filter(Object(CFilterChain))
#10 /Applications/XAMPP/xamppfiles/htdocs/yii/framework/web/CController.php(291): CFilterChain->run()
#11 /Applications/XAMPP/xamppfiles/htdocs/yii/framework/web/CController.php(265): CController->runActionWithFilters(Object(CInlineAction), Array)
#12 /Applications/XAMPP/xamppfiles/htdocs/yii/framework/web/CWebApplication.php(282): CController->run('create')
#13 /Applications/XAMPP/xamppfiles/htdocs/yii/framework/web/CWebApplication.php(141): CWebApplication->runController('telcos/create')
#14 /Applications/XAMPP/xamppfiles/htdocs/yii/framework/base/CApplication.php(185): CWebApplication->processRequest()
#15 /Applications/XAMPP/xamppfiles/htdocs/testdrive/index.php(13): CApplication->run()
#16 {main}
REQUEST_URI=/testdrive/index.php?r=telcos/create
HTTP_REFERER=http://localhost/testdrive/index.php?r=telcos/create
---
2021/03/27 19:17:02 [error] [exception.CHttpException.404] CHttpException: The system is unable to find the requested action "price". in /Applications/XAMPP/xamppfiles/htdocs/yii/framework/web/CController.php:486
Stack trace:
#0 /Applications/XAMPP/xamppfiles/htdocs/yii/framework/web/CController.php(270): CController->missingAction('price')
#1 /Applications/XAMPP/xamppfiles/htdocs/yii/framework/web/CWebApplication.php(282): CController->run('price')
#2 /Applications/XAMPP/xamppfiles/htdocs/yii/framework/web/CWebApplication.php(141): CWebApplication->runController('stock/price')
#3 /Applications/XAMPP/xamppfiles/htdocs/yii/framework/base/CApplication.php(185): CWebApplication->processRequest()
#4 /Applications/XAMPP/xamppfiles/htdocs/testdrive/index.php(13): CApplication->run()
#5 {main}
REQUEST_URI=/testdrive/index.php?r=stock/price
---
2021/03/27 19:21:24 [error] [exception.CHttpException.404] CHttpException: Unable to resolve the request "stockquote". in /Applications/XAMPP/xamppfiles/htdocs/yii/framework/web/CWebApplication.php:286
Stack trace:
#0 /Applications/XAMPP/xamppfiles/htdocs/yii/framework/web/CWebApplication.php(141): CWebApplication->runController('stockquote')
#1 /Applications/XAMPP/xamppfiles/htdocs/yii/framework/base/CApplication.php(185): CWebApplication->processRequest()
#2 /Applications/XAMPP/xamppfiles/htdocs/testdrive/index.php(13): CApplication->run()
#3 {main}
REQUEST_URI=/testdrive/index.php?r=stockquote
---
2021/03/27 20:04:52 [error] [php] SoapClient::__construct(): php_network_getaddresses: getaddrinfo failed: nodename nor servname provided, or not known (/Applications/XAMPP/xamppfiles/htdocs/testdrive/protected/views/telcos/index.php:18)
Stack trace:
#0 /Applications/XAMPP/xamppfiles/htdocs/yii/framework/web/CBaseController.php(95): TelcosController->renderInternal()
#1 /Applications/XAMPP/xamppfiles/htdocs/yii/framework/web/CController.php(872): TelcosController->renderFile()
#2 /Applications/XAMPP/xamppfiles/htdocs/yii/framework/web/CController.php(785): TelcosController->renderPartial()
#3 /Applications/XAMPP/xamppfiles/htdocs/testdrive/protected/controllers/TelcosController.php(127): TelcosController->render()
#4 /Applications/XAMPP/xamppfiles/htdocs/yii/framework/web/actions/CInlineAction.php(49): TelcosController->actionIndex()
#5 /Applications/XAMPP/xamppfiles/htdocs/yii/framework/web/CController.php(308): CInlineAction->runWithParams()
#6 /Applications/XAMPP/xamppfiles/htdocs/yii/framework/web/filters/CFilterChain.php(134): TelcosController->runAction()
#7 /Applications/XAMPP/xamppfiles/htdocs/yii/framework/web/filters/CFilter.php(40): CFilterChain->run()
#8 /Applications/XAMPP/xamppfiles/htdocs/yii/framework/web/CController.php(1148): CAccessControlFilter->filter()
#9 /Applications/XAMPP/xamppfiles/htdocs/yii/framework/web/filters/CInlineFilter.php(58): TelcosController->filterAccessControl()
#10 /Applications/XAMPP/xamppfiles/htdocs/yii/framework/web/filters/CFilterChain.php(131): CInlineFilter->filter()
#11 /Applications/XAMPP/xamppfiles/htdocs/yii/framework/web/CController.php(291): CFilterChain->run()
#12 /Applications/XAMPP/xamppfiles/htdocs/yii/framework/web/CController.php(265): TelcosController->runActionWithFilters()
#13 /Applications/XAMPP/xamppfiles/htdocs/yii/framework/web/CWebApplication.php(282): TelcosController->run()
#14 /Applications/XAMPP/xamppfiles/htdocs/yii/framework/web/CWebApplication.php(141): CWebApplication->runController()
#15 /Applications/XAMPP/xamppfiles/htdocs/yii/framework/base/CApplication.php(185): CWebApplication->processRequest()
#16 /Applications/XAMPP/xamppfiles/htdocs/testdrive/index.php(13): CWebApplication->run()
REQUEST_URI=/testdrive/index.php?r=telcos/index
in /Applications/XAMPP/xamppfiles/htdocs/testdrive/protected/views/telcos/index.php (18)
in /Applications/XAMPP/xamppfiles/htdocs/testdrive/protected/controllers/TelcosController.php (127)
in /Applications/XAMPP/xamppfiles/htdocs/testdrive/index.php (13)
2021/03/27 20:05:42 [error] [php] SoapClient::__construct(): I/O warning : failed to load external entity &quot;localhost/testdrive/index.php?r=stock/quote&quot; (/Applications/XAMPP/xamppfiles/htdocs/testdrive/protected/views/telcos/index.php:18)
Stack trace:
#0 /Applications/XAMPP/xamppfiles/htdocs/yii/framework/web/CBaseController.php(95): TelcosController->renderInternal()
#1 /Applications/XAMPP/xamppfiles/htdocs/yii/framework/web/CController.php(872): TelcosController->renderFile()
#2 /Applications/XAMPP/xamppfiles/htdocs/yii/framework/web/CController.php(785): TelcosController->renderPartial()
#3 /Applications/XAMPP/xamppfiles/htdocs/testdrive/protected/controllers/TelcosController.php(127): TelcosController->render()
#4 /Applications/XAMPP/xamppfiles/htdocs/yii/framework/web/actions/CInlineAction.php(49): TelcosController->actionIndex()
#5 /Applications/XAMPP/xamppfiles/htdocs/yii/framework/web/CController.php(308): CInlineAction->runWithParams()
#6 /Applications/XAMPP/xamppfiles/htdocs/yii/framework/web/filters/CFilterChain.php(134): TelcosController->runAction()
#7 /Applications/XAMPP/xamppfiles/htdocs/yii/framework/web/filters/CFilter.php(40): CFilterChain->run()
#8 /Applications/XAMPP/xamppfiles/htdocs/yii/framework/web/CController.php(1148): CAccessControlFilter->filter()
#9 /Applications/XAMPP/xamppfiles/htdocs/yii/framework/web/filters/CInlineFilter.php(58): TelcosController->filterAccessControl()
#10 /Applications/XAMPP/xamppfiles/htdocs/yii/framework/web/filters/CFilterChain.php(131): CInlineFilter->filter()
#11 /Applications/XAMPP/xamppfiles/htdocs/yii/framework/web/CController.php(291): CFilterChain->run()
#12 /Applications/XAMPP/xamppfiles/htdocs/yii/framework/web/CController.php(265): TelcosController->runActionWithFilters()
#13 /Applications/XAMPP/xamppfiles/htdocs/yii/framework/web/CWebApplication.php(282): TelcosController->run()
#14 /Applications/XAMPP/xamppfiles/htdocs/yii/framework/web/CWebApplication.php(141): CWebApplication->runController()
#15 /Applications/XAMPP/xamppfiles/htdocs/yii/framework/base/CApplication.php(185): CWebApplication->processRequest()
#16 /Applications/XAMPP/xamppfiles/htdocs/testdrive/index.php(13): CWebApplication->run()
REQUEST_URI=/testdrive/index.php?r=telcos/index
in /Applications/XAMPP/xamppfiles/htdocs/testdrive/protected/views/telcos/index.php (18)
in /Applications/XAMPP/xamppfiles/htdocs/testdrive/protected/controllers/TelcosController.php (127)
in /Applications/XAMPP/xamppfiles/htdocs/testdrive/index.php (13)
2021/03/27 21:10:24 [error] [php] Undefined array key 1 (/Applications/XAMPP/xamppfiles/htdocs/yii/framework/db/schema/CDbCommandBuilder.php:560)
Stack trace:
#0 /Applications/XAMPP/xamppfiles/htdocs/yii/framework/db/ar/CActiveRecord.php(1464): Telcos->query()
#1 /Applications/XAMPP/xamppfiles/htdocs/testdrive/protected/controllers/StockController.php(25): Telcos->find()
#2 unknown(0): StockController->getPrice()
#3 /Applications/XAMPP/xamppfiles/htdocs/yii/framework/web/services/CWebService.php(211): SoapServer->handle()
#4 /Applications/XAMPP/xamppfiles/htdocs/yii/framework/web/services/CWebServiceAction.php(103): CWebService->run()
#5 /Applications/XAMPP/xamppfiles/htdocs/yii/framework/web/actions/CAction.php(76): CWebServiceAction->run()
#6 /Applications/XAMPP/xamppfiles/htdocs/yii/framework/web/CController.php(308): CWebServiceAction->runWithParams()
#7 /Applications/XAMPP/xamppfiles/htdocs/yii/framework/web/CController.php(286): StockController->runAction()
#8 /Applications/XAMPP/xamppfiles/htdocs/yii/framework/web/CController.php(265): StockController->runActionWithFilters()
#9 /Applications/XAMPP/xamppfiles/htdocs/yii/framework/web/CWebApplication.php(282): StockController->run()
#10 /Applications/XAMPP/xamppfiles/htdocs/yii/framework/web/CWebApplication.php(141): CWebApplication->runController()
#11 /Applications/XAMPP/xamppfiles/htdocs/yii/framework/base/CApplication.php(185): CWebApplication->processRequest()
#12 /Applications/XAMPP/xamppfiles/htdocs/testdrive/index.php(13): CWebApplication->run()
REQUEST_URI=/testdrive/index.php?r=stock/quote&ws=1
in /Applications/XAMPP/xamppfiles/htdocs/testdrive/protected/controllers/StockController.php (25)
in /Applications/XAMPP/xamppfiles/htdocs/testdrive/index.php (13)
2021/03/27 21:10:24 [error] [exception.SoapFault] SoapFault exception: [Client] looks like we got no XML document in /Applications/XAMPP/xamppfiles/htdocs/testdrive/protected/views/telcos/index.php:28
Stack trace:
#0 /Applications/XAMPP/xamppfiles/htdocs/testdrive/protected/views/telcos/index.php(28): SoapClient->__call('getPrice', Array)
#1 /Applications/XAMPP/xamppfiles/htdocs/yii/framework/web/CBaseController.php(126): require('/Applications/X...')
#2 /Applications/XAMPP/xamppfiles/htdocs/yii/framework/web/CBaseController.php(95): CBaseController->renderInternal('/Applications/X...', Array, true)
#3 /Applications/XAMPP/xamppfiles/htdocs/yii/framework/web/CController.php(872): CBaseController->renderFile('/Applications/X...', Array, true)
#4 /Applications/XAMPP/xamppfiles/htdocs/yii/framework/web/CController.php(785): CController->renderPartial('index', Array, true)
#5 /Applications/XAMPP/xamppfiles/htdocs/testdrive/protected/controllers/TelcosController.php(127): CController->render('index', Array)
#6 /Applications/XAMPP/xamppfiles/htdocs/yii/framework/web/actions/CInlineAction.php(49): TelcosController->actionIndex()
#7 /Applications/XAMPP/xamppfiles/htdocs/yii/framework/web/CController.php(308): CInlineAction->runWithParams(Array)
#8 /Applications/XAMPP/xamppfiles/htdocs/yii/framework/web/filters/CFilterChain.php(134): CController->runAction(Object(CInlineAction))
#9 /Applications/XAMPP/xamppfiles/htdocs/yii/framework/web/filters/CFilter.php(40): CFilterChain->run()
#10 /Applications/XAMPP/xamppfiles/htdocs/yii/framework/web/CController.php(1148): CFilter->filter(Object(CFilterChain))
#11 /Applications/XAMPP/xamppfiles/htdocs/yii/framework/web/filters/CInlineFilter.php(58): CController->filterAccessControl(Object(CFilterChain))
#12 /Applications/XAMPP/xamppfiles/htdocs/yii/framework/web/filters/CFilterChain.php(131): CInlineFilter->filter(Object(CFilterChain))
#13 /Applications/XAMPP/xamppfiles/htdocs/yii/framework/web/CController.php(291): CFilterChain->run()
#14 /Applications/XAMPP/xamppfiles/htdocs/yii/framework/web/CController.php(265): CController->runActionWithFilters(Object(CInlineAction), Array)
#15 /Applications/XAMPP/xamppfiles/htdocs/yii/framework/web/CWebApplication.php(282): CController->run('index')
#16 /Applications/XAMPP/xamppfiles/htdocs/yii/framework/web/CWebApplication.php(141): CWebApplication->runController('telcos/index')
#17 /Applications/XAMPP/xamppfiles/htdocs/yii/framework/base/CApplication.php(185): CWebApplication->processRequest()
#18 /Applications/XAMPP/xamppfiles/htdocs/testdrive/index.php(13): CApplication->run()
#19 {main}
REQUEST_URI=/testdrive/index.php?r=telcos/index
HTTP_REFERER=http://localhost/testdrive/index.php?r=telcos/index
---
2021/03/27 21:11:13 [error] [php] Undefined array key 1 (/Applications/XAMPP/xamppfiles/htdocs/yii/framework/db/schema/CDbCommandBuilder.php:560)
Stack trace:
#0 /Applications/XAMPP/xamppfiles/htdocs/yii/framework/db/ar/CActiveRecord.php(1464): Telcos->query()
#1 /Applications/XAMPP/xamppfiles/htdocs/testdrive/protected/controllers/StockController.php(25): Telcos->find()
#2 unknown(0): StockController->getPrice()
#3 /Applications/XAMPP/xamppfiles/htdocs/yii/framework/web/services/CWebService.php(211): SoapServer->handle()
#4 /Applications/XAMPP/xamppfiles/htdocs/yii/framework/web/services/CWebServiceAction.php(103): CWebService->run()
#5 /Applications/XAMPP/xamppfiles/htdocs/yii/framework/web/actions/CAction.php(76): CWebServiceAction->run()
#6 /Applications/XAMPP/xamppfiles/htdocs/yii/framework/web/CController.php(308): CWebServiceAction->runWithParams()
#7 /Applications/XAMPP/xamppfiles/htdocs/yii/framework/web/CController.php(286): StockController->runAction()
#8 /Applications/XAMPP/xamppfiles/htdocs/yii/framework/web/CController.php(265): StockController->runActionWithFilters()
#9 /Applications/XAMPP/xamppfiles/htdocs/yii/framework/web/CWebApplication.php(282): StockController->run()
#10 /Applications/XAMPP/xamppfiles/htdocs/yii/framework/web/CWebApplication.php(141): CWebApplication->runController()
#11 /Applications/XAMPP/xamppfiles/htdocs/yii/framework/base/CApplication.php(185): CWebApplication->processRequest()
#12 /Applications/XAMPP/xamppfiles/htdocs/testdrive/index.php(13): CWebApplication->run()
REQUEST_URI=/testdrive/index.php?r=stock/quote&ws=1
in /Applications/XAMPP/xamppfiles/htdocs/testdrive/protected/controllers/StockController.php (25)
in /Applications/XAMPP/xamppfiles/htdocs/testdrive/index.php (13)
2021/03/27 21:11:13 [error] [exception.SoapFault] SoapFault exception: [Client] looks like we got no XML document in /Applications/XAMPP/xamppfiles/htdocs/testdrive/protected/views/telcos/index.php:28
Stack trace:
#0 /Applications/XAMPP/xamppfiles/htdocs/testdrive/protected/views/telcos/index.php(28): SoapClient->__call('getPrice', Array)
#1 /Applications/XAMPP/xamppfiles/htdocs/yii/framework/web/CBaseController.php(126): require('/Applications/X...')
#2 /Applications/XAMPP/xamppfiles/htdocs/yii/framework/web/CBaseController.php(95): CBaseController->renderInternal('/Applications/X...', Array, true)
#3 /Applications/XAMPP/xamppfiles/htdocs/yii/framework/web/CController.php(872): CBaseController->renderFile('/Applications/X...', Array, true)
#4 /Applications/XAMPP/xamppfiles/htdocs/yii/framework/web/CController.php(785): CController->renderPartial('index', Array, true)
#5 /Applications/XAMPP/xamppfiles/htdocs/testdrive/protected/controllers/TelcosController.php(127): CController->render('index', Array)
#6 /Applications/XAMPP/xamppfiles/htdocs/yii/framework/web/actions/CInlineAction.php(49): TelcosController->actionIndex()
#7 /Applications/XAMPP/xamppfiles/htdocs/yii/framework/web/CController.php(308): CInlineAction->runWithParams(Array)
#8 /Applications/XAMPP/xamppfiles/htdocs/yii/framework/web/filters/CFilterChain.php(134): CController->runAction(Object(CInlineAction))
#9 /Applications/XAMPP/xamppfiles/htdocs/yii/framework/web/filters/CFilter.php(40): CFilterChain->run()
#10 /Applications/XAMPP/xamppfiles/htdocs/yii/framework/web/CController.php(1148): CFilter->filter(Object(CFilterChain))
#11 /Applications/XAMPP/xamppfiles/htdocs/yii/framework/web/filters/CInlineFilter.php(58): CController->filterAccessControl(Object(CFilterChain))
#12 /Applications/XAMPP/xamppfiles/htdocs/yii/framework/web/filters/CFilterChain.php(131): CInlineFilter->filter(Object(CFilterChain))
#13 /Applications/XAMPP/xamppfiles/htdocs/yii/framework/web/CController.php(291): CFilterChain->run()
#14 /Applications/XAMPP/xamppfiles/htdocs/yii/framework/web/CController.php(265): CController->runActionWithFilters(Object(CInlineAction), Array)
#15 /Applications/XAMPP/xamppfiles/htdocs/yii/framework/web/CWebApplication.php(282): CController->run('index')
#16 /Applications/XAMPP/xamppfiles/htdocs/yii/framework/web/CWebApplication.php(141): CWebApplication->runController('telcos/index')
#17 /Applications/XAMPP/xamppfiles/htdocs/yii/framework/base/CApplication.php(185): CWebApplication->processRequest()
#18 /Applications/XAMPP/xamppfiles/htdocs/testdrive/index.php(13): CApplication->run()
#19 {main}
REQUEST_URI=/testdrive/index.php?r=telcos/index
HTTP_REFERER=http://localhost/testdrive/index.php?r=telcos/index
---
2021/03/27 21:20:06 [error] [system.db.CDbCommand] CDbCommand::fetch() failed: SQLSTATE[42S22]: Column not found: 1054 Unknown column 'first' in 'where clause'. The SQL statement executed was: SELECT * FROM `telcos` `t` WHERE first LIMIT 1.
in /Applications/XAMPP/xamppfiles/htdocs/testdrive/protected/controllers/StockController.php (25)
in /Applications/XAMPP/xamppfiles/htdocs/testdrive/index.php (13)
2021/03/27 21:20:06 [error] [application] CDbException: CDbCommand failed to execute the SQL statement: SQLSTATE[42S22]: Column not found: 1054 Unknown column 'first' in 'where clause'. The SQL statement executed was: SELECT * FROM `telcos` `t` WHERE first LIMIT 1 in /Applications/XAMPP/xamppfiles/htdocs/yii/framework/db/CDbCommand.php:543
Stack trace:
#0 /Applications/XAMPP/xamppfiles/htdocs/yii/framework/db/CDbCommand.php(415): CDbCommand->queryInternal('fetch', Array, Array)
#1 /Applications/XAMPP/xamppfiles/htdocs/yii/framework/db/ar/CActiveRecord.php(1359): CDbCommand->queryRow()
#2 /Applications/XAMPP/xamppfiles/htdocs/yii/framework/db/ar/CActiveRecord.php(1464): CActiveRecord->query(Object(CDbCriteria))
#3 /Applications/XAMPP/xamppfiles/htdocs/testdrive/protected/controllers/StockController.php(25): CActiveRecord->find('first')
#4 [internal function]: StockController->getPrice('IBM')
#5 /Applications/XAMPP/xamppfiles/htdocs/yii/framework/web/services/CWebService.php(211): SoapServer->handle()
#6 /Applications/XAMPP/xamppfiles/htdocs/yii/framework/web/services/CWebServiceAction.php(103): CWebService->run()
#7 /Applications/XAMPP/xamppfiles/htdocs/yii/framework/web/actions/CAction.php(76): CWebServiceAction->run()
#8 /Applications/XAMPP/xamppfiles/htdocs/yii/framework/web/CController.php(308): CAction->runWithParams(Array)
#9 /Applications/XAMPP/xamppfiles/htdocs/yii/framework/web/CController.php(286): CController->runAction(Object(CWebServiceAction))
#10 /Applications/XAMPP/xamppfiles/htdocs/yii/framework/web/CController.php(265): CController->runActionWithFilters(Object(CWebServiceAction), Array)
#11 /Applications/XAMPP/xamppfiles/htdocs/yii/framework/web/CWebApplication.php(282): CController->run('quote')
#12 /Applications/XAMPP/xamppfiles/htdocs/yii/framework/web/CWebApplication.php(141): CWebApplication->runController('stock/quote')
#13 /Applications/XAMPP/xamppfiles/htdocs/yii/framework/base/CApplication.php(185): CWebApplication->processRequest()
#14 /Applications/XAMPP/xamppfiles/htdocs/testdrive/index.php(13): CApplication->run()
#15 {main}
in /Applications/XAMPP/xamppfiles/htdocs/testdrive/index.php (13)
2021/03/27 21:20:06 [error] [exception.SoapFault] SoapFault exception: [CDbException] CDbCommand failed to execute the SQL statement: SQLSTATE[42S22]: Column not found: 1054 Unknown column 'first' in 'where clause'. The SQL statement executed was: SELECT * FROM `telcos` `t` WHERE first LIMIT 1 (/Applications/XAMPP/xamppfiles/htdocs/yii/framework/db/CDbCommand.php:543)
#0 /Applications/XAMPP/xamppfiles/htdocs/yii/framework/db/CDbCommand.php(415): CDbCommand->queryInternal('fetch', Array, Array)
#1 /Applications/XAMPP/xamppfiles/htdocs/yii/framework/db/ar/CActiveRecord.php(1359): CDbCommand->queryRow()
#2 /Applications/XAMPP/xamppfiles/htdocs/yii/framework/db/ar/CActiveRecord.php(1464): CActiveRecord->query(Object(CDbCriteria))
#3 /Applications/XAMPP/xamppfiles/htdocs/testdrive/protected/controllers/StockController.php(25): CActiveRecord->find('first')
#4 [internal function]: StockController->getPrice('IBM')
#5 /Applications/XAMPP/xamppfiles/htdocs/yii/framework/web/services/CWebService.php(211): SoapServer->handle()
#6 /Applications/XAMPP/xamppfiles/htdocs/yii/framework/web/services/CWebServiceAction.php(103): CWebService->run()
#7 /Applications/XAMPP/xamppfiles/htdocs/yii/framework/web/actions/CAction.php(76): CWebServiceAction->run()
#8 /Applications/XAMPP/xamppfiles/htdocs/yii/framework/web/CController.php(308): CAction->runWithParams(Array)
#9 /Applications/XAMPP/xamppfiles/htdocs/yii/framework/web/CController.php(286): CController->runAction(Object(CWebServiceAction))
#10 /Applications/XAMPP/xamppfiles/htdocs/yii/framework/web/CController.php(265): CController->runActionWithFilters(Object(CWebServiceAction), Array)
#11 /Applications/XAMPP/xamppfiles/htdocs/yii/framework/web/CWebApplication.php(282): CController->run('quote')
#12 /Applications/XAMPP/xamppfiles/htdocs/yii/framework/web/CWebApplication.php(141): CWebApplication->runController('stock/quote')
#13 /Applications/XAMPP/xamppfiles/htdocs/yii/framework/base/CApplication.php(185): CWebApplication->processRequest()
#14 /Applications/XAMPP/xamppfiles/htdocs/testdrive/index.php(13): CApplication->run()
#15 {main} in /Applications/XAMPP/xamppfiles/htdocs/testdrive/protected/views/telcos/index.php:28
Stack trace:
#0 /Applications/XAMPP/xamppfiles/htdocs/testdrive/protected/views/telcos/index.php(28): SoapClient->__call('getPrice', Array)
#1 /Applications/XAMPP/xamppfiles/htdocs/yii/framework/web/CBaseController.php(126): require('/Applications/X...')
#2 /Applications/XAMPP/xamppfiles/htdocs/yii/framework/web/CBaseController.php(95): CBaseController->renderInternal('/Applications/X...', Array, true)
#3 /Applications/XAMPP/xamppfiles/htdocs/yii/framework/web/CController.php(872): CBaseController->renderFile('/Applications/X...', Array, true)
#4 /Applications/XAMPP/xamppfiles/htdocs/yii/framework/web/CController.php(785): CController->renderPartial('index', Array, true)
#5 /Applications/XAMPP/xamppfiles/htdocs/testdrive/protected/controllers/TelcosController.php(127): CController->render('index', Array)
#6 /Applications/XAMPP/xamppfiles/htdocs/yii/framework/web/actions/CInlineAction.php(49): TelcosController->actionIndex()
#7 /Applications/XAMPP/xamppfiles/htdocs/yii/framework/web/CController.php(308): CInlineAction->runWithParams(Array)
#8 /Applications/XAMPP/xamppfiles/htdocs/yii/framework/web/filters/CFilterChain.php(134): CController->runAction(Object(CInlineAction))
#9 /Applications/XAMPP/xamppfiles/htdocs/yii/framework/web/filters/CFilter.php(40): CFilterChain->run()
#10 /Applications/XAMPP/xamppfiles/htdocs/yii/framework/web/CController.php(1148): CFilter->filter(Object(CFilterChain))
#11 /Applications/XAMPP/xamppfiles/htdocs/yii/framework/web/filters/CInlineFilter.php(58): CController->filterAccessControl(Object(CFilterChain))
#12 /Applications/XAMPP/xamppfiles/htdocs/yii/framework/web/filters/CFilterChain.php(131): CInlineFilter->filter(Object(CFilterChain))
#13 /Applications/XAMPP/xamppfiles/htdocs/yii/framework/web/CController.php(291): CFilterChain->run()
#14 /Applications/XAMPP/xamppfiles/htdocs/yii/framework/web/CController.php(265): CController->runActionWithFilters(Object(CInlineAction), Array)
#15 /Applications/XAMPP/xamppfiles/htdocs/yii/framework/web/CWebApplication.php(282): CController->run('index')
#16 /Applications/XAMPP/xamppfiles/htdocs/yii/framework/web/CWebApplication.php(141): CWebApplication->runController('telcos/index')
#17 /Applications/XAMPP/xamppfiles/htdocs/yii/framework/base/CApplication.php(185): CWebApplication->processRequest()
#18 /Applications/XAMPP/xamppfiles/htdocs/testdrive/index.php(13): CApplication->run()
#19 {main}
REQUEST_URI=/testdrive/index.php?r=telcos/index
HTTP_REFERER=http://localhost/testdrive/index.php?r=telcos/index
---
2021/03/27 21:21:37 [error] [system.db.CDbCommand] CDbCommand::fetch() failed: SQLSTATE[42000]: Syntax error or access violation: 1064 You have an error in your SQL syntax; check the manual that corresponds to your MariaDB server version for the right syntax to use near 'all LIMIT 1' at line 1. The SQL statement executed was: SELECT * FROM `telcos` `t` WHERE all LIMIT 1.
in /Applications/XAMPP/xamppfiles/htdocs/testdrive/protected/controllers/StockController.php (25)
in /Applications/XAMPP/xamppfiles/htdocs/testdrive/index.php (13)
2021/03/27 21:21:37 [error] [application] CDbException: CDbCommand failed to execute the SQL statement: SQLSTATE[42000]: Syntax error or access violation: 1064 You have an error in your SQL syntax; check the manual that corresponds to your MariaDB server version for the right syntax to use near 'all LIMIT 1' at line 1. The SQL statement executed was: SELECT * FROM `telcos` `t` WHERE all LIMIT 1 in /Applications/XAMPP/xamppfiles/htdocs/yii/framework/db/CDbCommand.php:543
Stack trace:
#0 /Applications/XAMPP/xamppfiles/htdocs/yii/framework/db/CDbCommand.php(415): CDbCommand->queryInternal('fetch', Array, Array)
#1 /Applications/XAMPP/xamppfiles/htdocs/yii/framework/db/ar/CActiveRecord.php(1359): CDbCommand->queryRow()
#2 /Applications/XAMPP/xamppfiles/htdocs/yii/framework/db/ar/CActiveRecord.php(1464): CActiveRecord->query(Object(CDbCriteria))
#3 /Applications/XAMPP/xamppfiles/htdocs/testdrive/protected/controllers/StockController.php(25): CActiveRecord->find('all')
#4 [internal function]: StockController->getPrice('IBM')
#5 /Applications/XAMPP/xamppfiles/htdocs/yii/framework/web/services/CWebService.php(211): SoapServer->handle()
#6 /Applications/XAMPP/xamppfiles/htdocs/yii/framework/web/services/CWebServiceAction.php(103): CWebService->run()
#7 /Applications/XAMPP/xamppfiles/htdocs/yii/framework/web/actions/CAction.php(76): CWebServiceAction->run()
#8 /Applications/XAMPP/xamppfiles/htdocs/yii/framework/web/CController.php(308): CAction->runWithParams(Array)
#9 /Applications/XAMPP/xamppfiles/htdocs/yii/framework/web/CController.php(286): CController->runAction(Object(CWebServiceAction))
#10 /Applications/XAMPP/xamppfiles/htdocs/yii/framework/web/CController.php(265): CController->runActionWithFilters(Object(CWebServiceAction), Array)
#11 /Applications/XAMPP/xamppfiles/htdocs/yii/framework/web/CWebApplication.php(282): CController->run('quote')
#12 /Applications/XAMPP/xamppfiles/htdocs/yii/framework/web/CWebApplication.php(141): CWebApplication->runController('stock/quote')
#13 /Applications/XAMPP/xamppfiles/htdocs/yii/framework/base/CApplication.php(185): CWebApplication->processRequest()
#14 /Applications/XAMPP/xamppfiles/htdocs/testdrive/index.php(13): CApplication->run()
#15 {main}
in /Applications/XAMPP/xamppfiles/htdocs/testdrive/index.php (13)
2021/03/27 21:21:37 [error] [exception.SoapFault] SoapFault exception: [CDbException] CDbCommand failed to execute the SQL statement: SQLSTATE[42000]: Syntax error or access violation: 1064 You have an error in your SQL syntax; check the manual that corresponds to your MariaDB server version for the right syntax to use near 'all LIMIT 1' at line 1. The SQL statement executed was: SELECT * FROM `telcos` `t` WHERE all LIMIT 1 (/Applications/XAMPP/xamppfiles/htdocs/yii/framework/db/CDbCommand.php:543)
#0 /Applications/XAMPP/xamppfiles/htdocs/yii/framework/db/CDbCommand.php(415): CDbCommand->queryInternal('fetch', Array, Array)
#1 /Applications/XAMPP/xamppfiles/htdocs/yii/framework/db/ar/CActiveRecord.php(1359): CDbCommand->queryRow()
#2 /Applications/XAMPP/xamppfiles/htdocs/yii/framework/db/ar/CActiveRecord.php(1464): CActiveRecord->query(Object(CDbCriteria))
#3 /Applications/XAMPP/xamppfiles/htdocs/testdrive/protected/controllers/StockController.php(25): CActiveRecord->find('all')
#4 [internal function]: StockController->getPrice('IBM')
#5 /Applications/XAMPP/xamppfiles/htdocs/yii/framework/web/services/CWebService.php(211): SoapServer->handle()
#6 /Applications/XAMPP/xamppfiles/htdocs/yii/framework/web/services/CWebServiceAction.php(103): CWebService->run()
#7 /Applications/XAMPP/xamppfiles/htdocs/yii/framework/web/actions/CAction.php(76): CWebServiceAction->run()
#8 /Applications/XAMPP/xamppfiles/htdocs/yii/framework/web/CController.php(308): CAction->runWithParams(Array)
#9 /Applications/XAMPP/xamppfiles/htdocs/yii/framework/web/CController.php(286): CController->runAction(Object(CWebServiceAction))
#10 /Applications/XAMPP/xamppfiles/htdocs/yii/framework/web/CController.php(265): CController->runActionWithFilters(Object(CWebServiceAction), Array)
#11 /Applications/XAMPP/xamppfiles/htdocs/yii/framework/web/CWebApplication.php(282): CController->run('quote')
#12 /Applications/XAMPP/xamppfiles/htdocs/yii/framework/web/CWebApplication.php(141): CWebApplication->runController('stock/quote')
#13 /Applications/XAMPP/xamppfiles/htdocs/yii/framework/base/CApplication.php(185): CWebApplication->processRequest()
#14 /Applications/XAMPP/xamppfiles/htdocs/testdrive/index.php(13): CApplication->run()
#15 {main} in /Applications/XAMPP/xamppfiles/htdocs/testdrive/protected/views/telcos/index.php:28
Stack trace:
#0 /Applications/XAMPP/xamppfiles/htdocs/testdrive/protected/views/telcos/index.php(28): SoapClient->__call('getPrice', Array)
#1 /Applications/XAMPP/xamppfiles/htdocs/yii/framework/web/CBaseController.php(126): require('/Applications/X...')
#2 /Applications/XAMPP/xamppfiles/htdocs/yii/framework/web/CBaseController.php(95): CBaseController->renderInternal('/Applications/X...', Array, true)
#3 /Applications/XAMPP/xamppfiles/htdocs/yii/framework/web/CController.php(872): CBaseController->renderFile('/Applications/X...', Array, true)
#4 /Applications/XAMPP/xamppfiles/htdocs/yii/framework/web/CController.php(785): CController->renderPartial('index', Array, true)
#5 /Applications/XAMPP/xamppfiles/htdocs/testdrive/protected/controllers/TelcosController.php(127): CController->render('index', Array)
#6 /Applications/XAMPP/xamppfiles/htdocs/yii/framework/web/actions/CInlineAction.php(49): TelcosController->actionIndex()
#7 /Applications/XAMPP/xamppfiles/htdocs/yii/framework/web/CController.php(308): CInlineAction->runWithParams(Array)
#8 /Applications/XAMPP/xamppfiles/htdocs/yii/framework/web/filters/CFilterChain.php(134): CController->runAction(Object(CInlineAction))
#9 /Applications/XAMPP/xamppfiles/htdocs/yii/framework/web/filters/CFilter.php(40): CFilterChain->run()
#10 /Applications/XAMPP/xamppfiles/htdocs/yii/framework/web/CController.php(1148): CFilter->filter(Object(CFilterChain))
#11 /Applications/XAMPP/xamppfiles/htdocs/yii/framework/web/filters/CInlineFilter.php(58): CController->filterAccessControl(Object(CFilterChain))
#12 /Applications/XAMPP/xamppfiles/htdocs/yii/framework/web/filters/CFilterChain.php(131): CInlineFilter->filter(Object(CFilterChain))
#13 /Applications/XAMPP/xamppfiles/htdocs/yii/framework/web/CController.php(291): CFilterChain->run()
#14 /Applications/XAMPP/xamppfiles/htdocs/yii/framework/web/CController.php(265): CController->runActionWithFilters(Object(CInlineAction), Array)
#15 /Applications/XAMPP/xamppfiles/htdocs/yii/framework/web/CWebApplication.php(282): CController->run('index')
#16 /Applications/XAMPP/xamppfiles/htdocs/yii/framework/web/CWebApplication.php(141): CWebApplication->runController('telcos/index')
#17 /Applications/XAMPP/xamppfiles/htdocs/yii/framework/base/CApplication.php(185): CWebApplication->processRequest()
#18 /Applications/XAMPP/xamppfiles/htdocs/testdrive/index.php(13): CApplication->run()
#19 {main}
REQUEST_URI=/testdrive/index.php?r=telcos/index
HTTP_REFERER=http://localhost/testdrive/index.php?r=telcos/index
---
2021/03/27 21:22:46 [error] [system.db.CDbCommand] CDbCommand::fetch() failed: SQLSTATE[42000]: Syntax error or access violation: 1064 You have an error in your SQL syntax; check the manual that corresponds to your MariaDB server version for the right syntax to use near 'all LIMIT 1' at line 1. The SQL statement executed was: SELECT * FROM `telcos` `t` WHERE all LIMIT 1.
in /Applications/XAMPP/xamppfiles/htdocs/testdrive/protected/controllers/StockController.php (26)
in /Applications/XAMPP/xamppfiles/htdocs/testdrive/index.php (13)
2021/03/27 21:22:46 [error] [application] CDbException: CDbCommand failed to execute the SQL statement: SQLSTATE[42000]: Syntax error or access violation: 1064 You have an error in your SQL syntax; check the manual that corresponds to your MariaDB server version for the right syntax to use near 'all LIMIT 1' at line 1. The SQL statement executed was: SELECT * FROM `telcos` `t` WHERE all LIMIT 1 in /Applications/XAMPP/xamppfiles/htdocs/yii/framework/db/CDbCommand.php:543
Stack trace:
#0 /Applications/XAMPP/xamppfiles/htdocs/yii/framework/db/CDbCommand.php(415): CDbCommand->queryInternal('fetch', Array, Array)
#1 /Applications/XAMPP/xamppfiles/htdocs/yii/framework/db/ar/CActiveRecord.php(1359): CDbCommand->queryRow()
#2 /Applications/XAMPP/xamppfiles/htdocs/yii/framework/db/ar/CActiveRecord.php(1464): CActiveRecord->query(Object(CDbCriteria))
#3 /Applications/XAMPP/xamppfiles/htdocs/testdrive/protected/controllers/StockController.php(26): CActiveRecord->find('all')
#4 [internal function]: StockController->getPrice('IBM')
#5 /Applications/XAMPP/xamppfiles/htdocs/yii/framework/web/services/CWebService.php(211): SoapServer->handle()
#6 /Applications/XAMPP/xamppfiles/htdocs/yii/framework/web/services/CWebServiceAction.php(103): CWebService->run()
#7 /Applications/XAMPP/xamppfiles/htdocs/yii/framework/web/actions/CAction.php(76): CWebServiceAction->run()
#8 /Applications/XAMPP/xamppfiles/htdocs/yii/framework/web/CController.php(308): CAction->runWithParams(Array)
#9 /Applications/XAMPP/xamppfiles/htdocs/yii/framework/web/CController.php(286): CController->runAction(Object(CWebServiceAction))
#10 /Applications/XAMPP/xamppfiles/htdocs/yii/framework/web/CController.php(265): CController->runActionWithFilters(Object(CWebServiceAction), Array)
#11 /Applications/XAMPP/xamppfiles/htdocs/yii/framework/web/CWebApplication.php(282): CController->run('quote')
#12 /Applications/XAMPP/xamppfiles/htdocs/yii/framework/web/CWebApplication.php(141): CWebApplication->runController('stock/quote')
#13 /Applications/XAMPP/xamppfiles/htdocs/yii/framework/base/CApplication.php(185): CWebApplication->processRequest()
#14 /Applications/XAMPP/xamppfiles/htdocs/testdrive/index.php(13): CApplication->run()
#15 {main}
in /Applications/XAMPP/xamppfiles/htdocs/testdrive/index.php (13)
2021/03/27 21:22:46 [error] [exception.SoapFault] SoapFault exception: [CDbException] CDbCommand failed to execute the SQL statement: SQLSTATE[42000]: Syntax error or access violation: 1064 You have an error in your SQL syntax; check the manual that corresponds to your MariaDB server version for the right syntax to use near 'all LIMIT 1' at line 1. The SQL statement executed was: SELECT * FROM `telcos` `t` WHERE all LIMIT 1 (/Applications/XAMPP/xamppfiles/htdocs/yii/framework/db/CDbCommand.php:543)
#0 /Applications/XAMPP/xamppfiles/htdocs/yii/framework/db/CDbCommand.php(415): CDbCommand->queryInternal('fetch', Array, Array)
#1 /Applications/XAMPP/xamppfiles/htdocs/yii/framework/db/ar/CActiveRecord.php(1359): CDbCommand->queryRow()
#2 /Applications/XAMPP/xamppfiles/htdocs/yii/framework/db/ar/CActiveRecord.php(1464): CActiveRecord->query(Object(CDbCriteria))
#3 /Applications/XAMPP/xamppfiles/htdocs/testdrive/protected/controllers/StockController.php(26): CActiveRecord->find('all')
#4 [internal function]: StockController->getPrice('IBM')
#5 /Applications/XAMPP/xamppfiles/htdocs/yii/framework/web/services/CWebService.php(211): SoapServer->handle()
#6 /Applications/XAMPP/xamppfiles/htdocs/yii/framework/web/services/CWebServiceAction.php(103): CWebService->run()
#7 /Applications/XAMPP/xamppfiles/htdocs/yii/framework/web/actions/CAction.php(76): CWebServiceAction->run()
#8 /Applications/XAMPP/xamppfiles/htdocs/yii/framework/web/CController.php(308): CAction->runWithParams(Array)
#9 /Applications/XAMPP/xamppfiles/htdocs/yii/framework/web/CController.php(286): CController->runAction(Object(CWebServiceAction))
#10 /Applications/XAMPP/xamppfiles/htdocs/yii/framework/web/CController.php(265): CController->runActionWithFilters(Object(CWebServiceAction), Array)
#11 /Applications/XAMPP/xamppfiles/htdocs/yii/framework/web/CWebApplication.php(282): CController->run('quote')
#12 /Applications/XAMPP/xamppfiles/htdocs/yii/framework/web/CWebApplication.php(141): CWebApplication->runController('stock/quote')
#13 /Applications/XAMPP/xamppfiles/htdocs/yii/framework/base/CApplication.php(185): CWebApplication->processRequest()
#14 /Applications/XAMPP/xamppfiles/htdocs/testdrive/index.php(13): CApplication->run()
#15 {main} in /Applications/XAMPP/xamppfiles/htdocs/testdrive/protected/views/telcos/index.php:28
Stack trace:
#0 /Applications/XAMPP/xamppfiles/htdocs/testdrive/protected/views/telcos/index.php(28): SoapClient->__call('getPrice', Array)
#1 /Applications/XAMPP/xamppfiles/htdocs/yii/framework/web/CBaseController.php(126): require('/Applications/X...')
#2 /Applications/XAMPP/xamppfiles/htdocs/yii/framework/web/CBaseController.php(95): CBaseController->renderInternal('/Applications/X...', Array, true)
#3 /Applications/XAMPP/xamppfiles/htdocs/yii/framework/web/CController.php(872): CBaseController->renderFile('/Applications/X...', Array, true)
#4 /Applications/XAMPP/xamppfiles/htdocs/yii/framework/web/CController.php(785): CController->renderPartial('index', Array, true)
#5 /Applications/XAMPP/xamppfiles/htdocs/testdrive/protected/controllers/TelcosController.php(127): CController->render('index', Array)
#6 /Applications/XAMPP/xamppfiles/htdocs/yii/framework/web/actions/CInlineAction.php(49): TelcosController->actionIndex()
#7 /Applications/XAMPP/xamppfiles/htdocs/yii/framework/web/CController.php(308): CInlineAction->runWithParams(Array)
#8 /Applications/XAMPP/xamppfiles/htdocs/yii/framework/web/filters/CFilterChain.php(134): CController->runAction(Object(CInlineAction))
#9 /Applications/XAMPP/xamppfiles/htdocs/yii/framework/web/filters/CFilter.php(40): CFilterChain->run()
#10 /Applications/XAMPP/xamppfiles/htdocs/yii/framework/web/CController.php(1148): CFilter->filter(Object(CFilterChain))
#11 /Applications/XAMPP/xamppfiles/htdocs/yii/framework/web/filters/CInlineFilter.php(58): CController->filterAccessControl(Object(CFilterChain))
#12 /Applications/XAMPP/xamppfiles/htdocs/yii/framework/web/filters/CFilterChain.php(131): CInlineFilter->filter(Object(CFilterChain))
#13 /Applications/XAMPP/xamppfiles/htdocs/yii/framework/web/CController.php(291): CFilterChain->run()
#14 /Applications/XAMPP/xamppfiles/htdocs/yii/framework/web/CController.php(265): CController->runActionWithFilters(Object(CInlineAction), Array)
#15 /Applications/XAMPP/xamppfiles/htdocs/yii/framework/web/CWebApplication.php(282): CController->run('index')
#16 /Applications/XAMPP/xamppfiles/htdocs/yii/framework/web/CWebApplication.php(141): CWebApplication->runController('telcos/index')
#17 /Applications/XAMPP/xamppfiles/htdocs/yii/framework/base/CApplication.php(185): CWebApplication->processRequest()
#18 /Applications/XAMPP/xamppfiles/htdocs/testdrive/index.php(13): CApplication->run()
#19 {main}
REQUEST_URI=/testdrive/index.php?r=telcos/index
HTTP_REFERER=http://localhost/testdrive/index.php?r=telcos/index
---
2021/03/27 21:23:43 [error] [application] CException: Telcos and its behaviors do not have a method or closure named "first". in /Applications/XAMPP/xamppfiles/htdocs/yii/framework/base/CComponent.php:266
Stack trace:
#0 /Applications/XAMPP/xamppfiles/htdocs/yii/framework/db/ar/CActiveRecord.php(229): CComponent->__call('first', Array)
#1 /Applications/XAMPP/xamppfiles/htdocs/testdrive/protected/controllers/StockController.php(27): CActiveRecord->__call('first', Array)
#2 [internal function]: StockController->getPrice('IBM')
#3 /Applications/XAMPP/xamppfiles/htdocs/yii/framework/web/services/CWebService.php(211): SoapServer->handle()
#4 /Applications/XAMPP/xamppfiles/htdocs/yii/framework/web/services/CWebServiceAction.php(103): CWebService->run()
#5 /Applications/XAMPP/xamppfiles/htdocs/yii/framework/web/actions/CAction.php(76): CWebServiceAction->run()
#6 /Applications/XAMPP/xamppfiles/htdocs/yii/framework/web/CController.php(308): CAction->runWithParams(Array)
#7 /Applications/XAMPP/xamppfiles/htdocs/yii/framework/web/CController.php(286): CController->runAction(Object(CWebServiceAction))
#8 /Applications/XAMPP/xamppfiles/htdocs/yii/framework/web/CController.php(265): CController->runActionWithFilters(Object(CWebServiceAction), Array)
#9 /Applications/XAMPP/xamppfiles/htdocs/yii/framework/web/CWebApplication.php(282): CController->run('quote')
#10 /Applications/XAMPP/xamppfiles/htdocs/yii/framework/web/CWebApplication.php(141): CWebApplication->runController('stock/quote')
#11 /Applications/XAMPP/xamppfiles/htdocs/yii/framework/base/CApplication.php(185): CWebApplication->processRequest()
#12 /Applications/XAMPP/xamppfiles/htdocs/testdrive/index.php(13): CApplication->run()
#13 {main}
in /Applications/XAMPP/xamppfiles/htdocs/testdrive/index.php (13)
2021/03/27 21:23:43 [error] [exception.SoapFault] SoapFault exception: [CException] Telcos and its behaviors do not have a method or closure named "first". (/Applications/XAMPP/xamppfiles/htdocs/yii/framework/base/CComponent.php:266)
#0 /Applications/XAMPP/xamppfiles/htdocs/yii/framework/db/ar/CActiveRecord.php(229): CComponent->__call('first', Array)
#1 /Applications/XAMPP/xamppfiles/htdocs/testdrive/protected/controllers/StockController.php(27): CActiveRecord->__call('first', Array)
#2 [internal function]: StockController->getPrice('IBM')
#3 /Applications/XAMPP/xamppfiles/htdocs/yii/framework/web/services/CWebService.php(211): SoapServer->handle()
#4 /Applications/XAMPP/xamppfiles/htdocs/yii/framework/web/services/CWebServiceAction.php(103): CWebService->run()
#5 /Applications/XAMPP/xamppfiles/htdocs/yii/framework/web/actions/CAction.php(76): CWebServiceAction->run()
#6 /Applications/XAMPP/xamppfiles/htdocs/yii/framework/web/CController.php(308): CAction->runWithParams(Array)
#7 /Applications/XAMPP/xamppfiles/htdocs/yii/framework/web/CController.php(286): CController->runAction(Object(CWebServiceAction))
#8 /Applications/XAMPP/xamppfiles/htdocs/yii/framework/web/CController.php(265): CController->runActionWithFilters(Object(CWebServiceAction), Array)
#9 /Applications/XAMPP/xamppfiles/htdocs/yii/framework/web/CWebApplication.php(282): CController->run('quote')
#10 /Applications/XAMPP/xamppfiles/htdocs/yii/framework/web/CWebApplication.php(141): CWebApplication->runController('stock/quote')
#11 /Applications/XAMPP/xamppfiles/htdocs/yii/framework/base/CApplication.php(185): CWebApplication->processRequest()
#12 /Applications/XAMPP/xamppfiles/htdocs/testdrive/index.php(13): CApplication->run()
#13 {main} in /Applications/XAMPP/xamppfiles/htdocs/testdrive/protected/views/telcos/index.php:28
Stack trace:
#0 /Applications/XAMPP/xamppfiles/htdocs/testdrive/protected/views/telcos/index.php(28): SoapClient->__call('getPrice', Array)
#1 /Applications/XAMPP/xamppfiles/htdocs/yii/framework/web/CBaseController.php(126): require('/Applications/X...')
#2 /Applications/XAMPP/xamppfiles/htdocs/yii/framework/web/CBaseController.php(95): CBaseController->renderInternal('/Applications/X...', Array, true)
#3 /Applications/XAMPP/xamppfiles/htdocs/yii/framework/web/CController.php(872): CBaseController->renderFile('/Applications/X...', Array, true)
#4 /Applications/XAMPP/xamppfiles/htdocs/yii/framework/web/CController.php(785): CController->renderPartial('index', Array, true)
#5 /Applications/XAMPP/xamppfiles/htdocs/testdrive/protected/controllers/TelcosController.php(127): CController->render('index', Array)
#6 /Applications/XAMPP/xamppfiles/htdocs/yii/framework/web/actions/CInlineAction.php(49): TelcosController->actionIndex()
#7 /Applications/XAMPP/xamppfiles/htdocs/yii/framework/web/CController.php(308): CInlineAction->runWithParams(Array)
#8 /Applications/XAMPP/xamppfiles/htdocs/yii/framework/web/filters/CFilterChain.php(134): CController->runAction(Object(CInlineAction))
#9 /Applications/XAMPP/xamppfiles/htdocs/yii/framework/web/filters/CFilter.php(40): CFilterChain->run()
#10 /Applications/XAMPP/xamppfiles/htdocs/yii/framework/web/CController.php(1148): CFilter->filter(Object(CFilterChain))
#11 /Applications/XAMPP/xamppfiles/htdocs/yii/framework/web/filters/CInlineFilter.php(58): CController->filterAccessControl(Object(CFilterChain))
#12 /Applications/XAMPP/xamppfiles/htdocs/yii/framework/web/filters/CFilterChain.php(131): CInlineFilter->filter(Object(CFilterChain))
#13 /Applications/XAMPP/xamppfiles/htdocs/yii/framework/web/CController.php(291): CFilterChain->run()
#14 /Applications/XAMPP/xamppfiles/htdocs/yii/framework/web/CController.php(265): CController->runActionWithFilters(Object(CInlineAction), Array)
#15 /Applications/XAMPP/xamppfiles/htdocs/yii/framework/web/CWebApplication.php(282): CController->run('index')
#16 /Applications/XAMPP/xamppfiles/htdocs/yii/framework/web/CWebApplication.php(141): CWebApplication->runController('telcos/index')
#17 /Applications/XAMPP/xamppfiles/htdocs/yii/framework/base/CApplication.php(185): CWebApplication->processRequest()
#18 /Applications/XAMPP/xamppfiles/htdocs/testdrive/index.php(13): CApplication->run()
#19 {main}
REQUEST_URI=/testdrive/index.php?r=telcos/index
HTTP_REFERER=http://localhost/testdrive/index.php?r=telcos/index
---
2021/03/27 21:47:40 [error] [application] CException: Property "CDbCriteria.name" is not defined. in /Applications/XAMPP/xamppfiles/htdocs/yii/framework/base/CComponent.php:173
Stack trace:
#0 /Applications/XAMPP/xamppfiles/htdocs/yii/framework/db/schema/CDbCriteria.php(160): CComponent->__set('name', 'IBM')
#1 /Applications/XAMPP/xamppfiles/htdocs/yii/framework/db/schema/CDbCommandBuilder.php(588): CDbCriteria->__construct(Array)
#2 /Applications/XAMPP/xamppfiles/htdocs/yii/framework/db/ar/CActiveRecord.php(1463): CDbCommandBuilder->createCriteria(Array, Array)
#3 /Applications/XAMPP/xamppfiles/htdocs/testdrive/protected/controllers/StockController.php(27): CActiveRecord->find(Array)
#4 [internal function]: StockController->getPrice('IBM')
#5 /Applications/XAMPP/xamppfiles/htdocs/yii/framework/web/services/CWebService.php(211): SoapServer->handle()
#6 /Applications/XAMPP/xamppfiles/htdocs/yii/framework/web/services/CWebServiceAction.php(103): CWebService->run()
#7 /Applications/XAMPP/xamppfiles/htdocs/yii/framework/web/actions/CAction.php(76): CWebServiceAction->run()
#8 /Applications/XAMPP/xamppfiles/htdocs/yii/framework/web/CController.php(308): CAction->runWithParams(Array)
#9 /Applications/XAMPP/xamppfiles/htdocs/yii/framework/web/CController.php(286): CController->runAction(Object(CWebServiceAction))
#10 /Applications/XAMPP/xamppfiles/htdocs/yii/framework/web/CController.php(265): CController->runActionWithFilters(Object(CWebServiceAction), Array)
#11 /Applications/XAMPP/xamppfiles/htdocs/yii/framework/web/CWebApplication.php(282): CController->run('quote')
#12 /Applications/XAMPP/xamppfiles/htdocs/yii/framework/web/CWebApplication.php(141): CWebApplication->runController('stock/quote')
#13 /Applications/XAMPP/xamppfiles/htdocs/yii/framework/base/CApplication.php(185): CWebApplication->processRequest()
#14 /Applications/XAMPP/xamppfiles/htdocs/testdrive/index.php(13): CApplication->run()
#15 {main}
in /Applications/XAMPP/xamppfiles/htdocs/testdrive/index.php (13)
2021/03/27 21:47:40 [error] [exception.SoapFault] SoapFault exception: [CException] Property "CDbCriteria.name" is not defined. (/Applications/XAMPP/xamppfiles/htdocs/yii/framework/base/CComponent.php:173)
#0 /Applications/XAMPP/xamppfiles/htdocs/yii/framework/db/schema/CDbCriteria.php(160): CComponent->__set('name', 'IBM')
#1 /Applications/XAMPP/xamppfiles/htdocs/yii/framework/db/schema/CDbCommandBuilder.php(588): CDbCriteria->__construct(Array)
#2 /Applications/XAMPP/xamppfiles/htdocs/yii/framework/db/ar/CActiveRecord.php(1463): CDbCommandBuilder->createCriteria(Array, Array)
#3 /Applications/XAMPP/xamppfiles/htdocs/testdrive/protected/controllers/StockController.php(27): CActiveRecord->find(Array)
#4 [internal function]: StockController->getPrice('IBM')
#5 /Applications/XAMPP/xamppfiles/htdocs/yii/framework/web/services/CWebService.php(211): SoapServer->handle()
#6 /Applications/XAMPP/xamppfiles/htdocs/yii/framework/web/services/CWebServiceAction.php(103): CWebService->run()
#7 /Applications/XAMPP/xamppfiles/htdocs/yii/framework/web/actions/CAction.php(76): CWebServiceAction->run()
#8 /Applications/XAMPP/xamppfiles/htdocs/yii/framework/web/CController.php(308): CAction->runWithParams(Array)
#9 /Applications/XAMPP/xamppfiles/htdocs/yii/framework/web/CController.php(286): CController->runAction(Object(CWebServiceAction))
#10 /Applications/XAMPP/xamppfiles/htdocs/yii/framework/web/CController.php(265): CController->runActionWithFilters(Object(CWebServiceAction), Array)
#11 /Applications/XAMPP/xamppfiles/htdocs/yii/framework/web/CWebApplication.php(282): CController->run('quote')
#12 /Applications/XAMPP/xamppfiles/htdocs/yii/framework/web/CWebApplication.php(141): CWebApplication->runController('stock/quote')
#13 /Applications/XAMPP/xamppfiles/htdocs/yii/framework/base/CApplication.php(185): CWebApplication->processRequest()
#14 /Applications/XAMPP/xamppfiles/htdocs/testdrive/index.php(13): CApplication->run()
#15 {main} in /Applications/XAMPP/xamppfiles/htdocs/testdrive/protected/views/telcos/index.php:28
Stack trace:
#0 /Applications/XAMPP/xamppfiles/htdocs/testdrive/protected/views/telcos/index.php(28): SoapClient->__call('getPrice', Array)
#1 /Applications/XAMPP/xamppfiles/htdocs/yii/framework/web/CBaseController.php(126): require('/Applications/X...')
#2 /Applications/XAMPP/xamppfiles/htdocs/yii/framework/web/CBaseController.php(95): CBaseController->renderInternal('/Applications/X...', Array, true)
#3 /Applications/XAMPP/xamppfiles/htdocs/yii/framework/web/CController.php(872): CBaseController->renderFile('/Applications/X...', Array, true)
#4 /Applications/XAMPP/xamppfiles/htdocs/yii/framework/web/CController.php(785): CController->renderPartial('index', Array, true)
#5 /Applications/XAMPP/xamppfiles/htdocs/testdrive/protected/controllers/TelcosController.php(127): CController->render('index', Array)
#6 /Applications/XAMPP/xamppfiles/htdocs/yii/framework/web/actions/CInlineAction.php(49): TelcosController->actionIndex()
#7 /Applications/XAMPP/xamppfiles/htdocs/yii/framework/web/CController.php(308): CInlineAction->runWithParams(Array)
#8 /Applications/XAMPP/xamppfiles/htdocs/yii/framework/web/filters/CFilterChain.php(134): CController->runAction(Object(CInlineAction))
#9 /Applications/XAMPP/xamppfiles/htdocs/yii/framework/web/filters/CFilter.php(40): CFilterChain->run()
#10 /Applications/XAMPP/xamppfiles/htdocs/yii/framework/web/CController.php(1148): CFilter->filter(Object(CFilterChain))
#11 /Applications/XAMPP/xamppfiles/htdocs/yii/framework/web/filters/CInlineFilter.php(58): CController->filterAccessControl(Object(CFilterChain))
#12 /Applications/XAMPP/xamppfiles/htdocs/yii/framework/web/filters/CFilterChain.php(131): CInlineFilter->filter(Object(CFilterChain))
#13 /Applications/XAMPP/xamppfiles/htdocs/yii/framework/web/CController.php(291): CFilterChain->run()
#14 /Applications/XAMPP/xamppfiles/htdocs/yii/framework/web/CController.php(265): CController->runActionWithFilters(Object(CInlineAction), Array)
#15 /Applications/XAMPP/xamppfiles/htdocs/yii/framework/web/CWebApplication.php(282): CController->run('index')
#16 /Applications/XAMPP/xamppfiles/htdocs/yii/framework/web/CWebApplication.php(141): CWebApplication->runController('telcos/index')
#17 /Applications/XAMPP/xamppfiles/htdocs/yii/framework/base/CApplication.php(185): CWebApplication->processRequest()
#18 /Applications/XAMPP/xamppfiles/htdocs/testdrive/index.php(13): CApplication->run()
#19 {main}
REQUEST_URI=/testdrive/index.php?r=telcos/index
HTTP_REFERER=http://localhost/testdrive/index.php?r=telcos/index
---
2021/03/27 21:50:06 [error] [system.db.CDbCommand] CDbCommand::fetch() failed: SQLSTATE[42S22]: Column not found: 1054 Unknown column 'age' in 'where clause'. The SQL statement executed was: SELECT * FROM `telcos` `t` WHERE age = :age LIMIT 1.
in /Applications/XAMPP/xamppfiles/htdocs/testdrive/protected/controllers/StockController.php (30)
in /Applications/XAMPP/xamppfiles/htdocs/testdrive/index.php (13)
2021/03/27 21:50:06 [error] [application] CDbException: CDbCommand failed to execute the SQL statement: SQLSTATE[42S22]: Column not found: 1054 Unknown column 'age' in 'where clause'. The SQL statement executed was: SELECT * FROM `telcos` `t` WHERE age = :age LIMIT 1 in /Applications/XAMPP/xamppfiles/htdocs/yii/framework/db/CDbCommand.php:543
Stack trace:
#0 /Applications/XAMPP/xamppfiles/htdocs/yii/framework/db/CDbCommand.php(415): CDbCommand->queryInternal('fetch', Array, Array)
#1 /Applications/XAMPP/xamppfiles/htdocs/yii/framework/db/ar/CActiveRecord.php(1359): CDbCommand->queryRow()
#2 /Applications/XAMPP/xamppfiles/htdocs/yii/framework/db/ar/CActiveRecord.php(1464): CActiveRecord->query(Object(CDbCriteria))
#3 /Applications/XAMPP/xamppfiles/htdocs/testdrive/protected/controllers/StockController.php(30): CActiveRecord->find(Array)
#4 [internal function]: StockController->getPrice('IBM')
#5 /Applications/XAMPP/xamppfiles/htdocs/yii/framework/web/services/CWebService.php(211): SoapServer->handle()
#6 /Applications/XAMPP/xamppfiles/htdocs/yii/framework/web/services/CWebServiceAction.php(103): CWebService->run()
#7 /Applications/XAMPP/xamppfiles/htdocs/yii/framework/web/actions/CAction.php(76): CWebServiceAction->run()
#8 /Applications/XAMPP/xamppfiles/htdocs/yii/framework/web/CController.php(308): CAction->runWithParams(Array)
#9 /Applications/XAMPP/xamppfiles/htdocs/yii/framework/web/CController.php(286): CController->runAction(Object(CWebServiceAction))
#10 /Applications/XAMPP/xamppfiles/htdocs/yii/framework/web/CController.php(265): CController->runActionWithFilters(Object(CWebServiceAction), Array)
#11 /Applications/XAMPP/xamppfiles/htdocs/yii/framework/web/CWebApplication.php(282): CController->run('quote')
#12 /Applications/XAMPP/xamppfiles/htdocs/yii/framework/web/CWebApplication.php(141): CWebApplication->runController('stock/quote')
#13 /Applications/XAMPP/xamppfiles/htdocs/yii/framework/base/CApplication.php(185): CWebApplication->processRequest()
#14 /Applications/XAMPP/xamppfiles/htdocs/testdrive/index.php(13): CApplication->run()
#15 {main}
in /Applications/XAMPP/xamppfiles/htdocs/testdrive/index.php (13)
2021/03/27 21:50:06 [error] [exception.SoapFault] SoapFault exception: [CDbException] CDbCommand failed to execute the SQL statement: SQLSTATE[42S22]: Column not found: 1054 Unknown column 'age' in 'where clause'. The SQL statement executed was: SELECT * FROM `telcos` `t` WHERE age = :age LIMIT 1 (/Applications/XAMPP/xamppfiles/htdocs/yii/framework/db/CDbCommand.php:543)
#0 /Applications/XAMPP/xamppfiles/htdocs/yii/framework/db/CDbCommand.php(415): CDbCommand->queryInternal('fetch', Array, Array)
#1 /Applications/XAMPP/xamppfiles/htdocs/yii/framework/db/ar/CActiveRecord.php(1359): CDbCommand->queryRow()
#2 /Applications/XAMPP/xamppfiles/htdocs/yii/framework/db/ar/CActiveRecord.php(1464): CActiveRecord->query(Object(CDbCriteria))
#3 /Applications/XAMPP/xamppfiles/htdocs/testdrive/protected/controllers/StockController.php(30): CActiveRecord->find(Array)
#4 [internal function]: StockController->getPrice('IBM')
#5 /Applications/XAMPP/xamppfiles/htdocs/yii/framework/web/services/CWebService.php(211): SoapServer->handle()
#6 /Applications/XAMPP/xamppfiles/htdocs/yii/framework/web/services/CWebServiceAction.php(103): CWebService->run()
#7 /Applications/XAMPP/xamppfiles/htdocs/yii/framework/web/actions/CAction.php(76): CWebServiceAction->run()
#8 /Applications/XAMPP/xamppfiles/htdocs/yii/framework/web/CController.php(308): CAction->runWithParams(Array)
#9 /Applications/XAMPP/xamppfiles/htdocs/yii/framework/web/CController.php(286): CController->runAction(Object(CWebServiceAction))
#10 /Applications/XAMPP/xamppfiles/htdocs/yii/framework/web/CController.php(265): CController->runActionWithFilters(Object(CWebServiceAction), Array)
#11 /Applications/XAMPP/xamppfiles/htdocs/yii/framework/web/CWebApplication.php(282): CController->run('quote')
#12 /Applications/XAMPP/xamppfiles/htdocs/yii/framework/web/CWebApplication.php(141): CWebApplication->runController('stock/quote')
#13 /Applications/XAMPP/xamppfiles/htdocs/yii/framework/base/CApplication.php(185): CWebApplication->processRequest()
#14 /Applications/XAMPP/xamppfiles/htdocs/testdrive/index.php(13): CApplication->run()
#15 {main} in /Applications/XAMPP/xamppfiles/htdocs/testdrive/protected/views/telcos/index.php:28
Stack trace:
#0 /Applications/XAMPP/xamppfiles/htdocs/testdrive/protected/views/telcos/index.php(28): SoapClient->__call('getPrice', Array)
#1 /Applications/XAMPP/xamppfiles/htdocs/yii/framework/web/CBaseController.php(126): require('/Applications/X...')
#2 /Applications/XAMPP/xamppfiles/htdocs/yii/framework/web/CBaseController.php(95): CBaseController->renderInternal('/Applications/X...', Array, true)
#3 /Applications/XAMPP/xamppfiles/htdocs/yii/framework/web/CController.php(872): CBaseController->renderFile('/Applications/X...', Array, true)
#4 /Applications/XAMPP/xamppfiles/htdocs/yii/framework/web/CController.php(785): CController->renderPartial('index', Array, true)
#5 /Applications/XAMPP/xamppfiles/htdocs/testdrive/protected/controllers/TelcosController.php(127): CController->render('index', Array)
#6 /Applications/XAMPP/xamppfiles/htdocs/yii/framework/web/actions/CInlineAction.php(49): TelcosController->actionIndex()
#7 /Applications/XAMPP/xamppfiles/htdocs/yii/framework/web/CController.php(308): CInlineAction->runWithParams(Array)
#8 /Applications/XAMPP/xamppfiles/htdocs/yii/framework/web/filters/CFilterChain.php(134): CController->runAction(Object(CInlineAction))
#9 /Applications/XAMPP/xamppfiles/htdocs/yii/framework/web/filters/CFilter.php(40): CFilterChain->run()
#10 /Applications/XAMPP/xamppfiles/htdocs/yii/framework/web/CController.php(1148): CFilter->filter(Object(CFilterChain))
#11 /Applications/XAMPP/xamppfiles/htdocs/yii/framework/web/filters/CInlineFilter.php(58): CController->filterAccessControl(Object(CFilterChain))
#12 /Applications/XAMPP/xamppfiles/htdocs/yii/framework/web/filters/CFilterChain.php(131): CInlineFilter->filter(Object(CFilterChain))
#13 /Applications/XAMPP/xamppfiles/htdocs/yii/framework/web/CController.php(291): CFilterChain->run()
#14 /Applications/XAMPP/xamppfiles/htdocs/yii/framework/web/CController.php(265): CController->runActionWithFilters(Object(CInlineAction), Array)
#15 /Applications/XAMPP/xamppfiles/htdocs/yii/framework/web/CWebApplication.php(282): CController->run('index')
#16 /Applications/XAMPP/xamppfiles/htdocs/yii/framework/web/CWebApplication.php(141): CWebApplication->runController('telcos/index')
#17 /Applications/XAMPP/xamppfiles/htdocs/yii/framework/base/CApplication.php(185): CWebApplication->processRequest()
#18 /Applications/XAMPP/xamppfiles/htdocs/testdrive/index.php(13): CApplication->run()
#19 {main}
REQUEST_URI=/testdrive/index.php?r=telcos/index
HTTP_REFERER=http://localhost/testdrive/index.php?r=telcos/index
---
